# JRE version: OpenJDK Runtime Environment Corretto-21.0.4.7.1 (21.0.4+7) (build 21.0.4+7-LTS)
# Java VM: OpenJDK 64-Bit Server VM Corretto-21.0.4.7.1 (21.0.4+7-LTS, mixed mode, emulated-client, sharing, tiered, compressed oops, compressed class ptrs, g1 gc, windows-amd64)
GC Precious Log:
 CardTable entry size: 512
 Card Set container configuration: InlinePtr #cards 4 size 8 Array Of Cards #cards 32 size 80 Howl #buckets 8 coarsen threshold 7372 Howl Bitmap #cards 1024 size 144 coarsen threshold 921 Card regions per heap region 1 cards per card region 8192
 CPUs: 16 total, 16 available
 Memory: 32603M
 Large Page Support: Disabled
 NUMA Support: Disabled
 Compressed Oops: Enabled (Zero based)
 Heap Region Size: 4M
 Heap Min Capacity: 8M
 Heap Initial Capacity: 512M
 Heap Max Capacity: 8152M
 Pre-touch: Disabled
 Parallel Workers: 13
 Concurrent Workers: 3
 Concurrent Refinement Workers: 13
 Periodic GC: Disabled
Heap:
 garbage-first heap   total 290816K, used 29922K [0x0000000602800000, 0x0000000800000000)
  region size 4096K, 2 young (8192K), 2 survivors (8192K)
 Metaspace       used 67747K, committed 68864K, reserved 1114112K
  class space    used 9665K, committed 10112K, reserved 1048576K
GC Heap History (20 events):
Event: 59.144 GC heap after
{Heap after GC invocations=22 (full 0):
 garbage-first heap   total 290816K, used 30416K [0x0000000602800000, 0x0000000800000000)
  region size 4096K, 1 young (4096K), 1 survivors (4096K)
 Metaspace       used 67103K, committed 67904K, reserved 1114112K
  class space    used 9550K, committed 9856K, reserved 1048576K
}
Event: 127.121 GC heap before
{Heap before GC invocations=23 (full 0):
 garbage-first heap   total 110592K, used 91856K [0x0000000602800000, 0x0000000800000000)
  region size 4096K, 16 young (65536K), 1 survivors (4096K)
 Metaspace       used 67262K, committed 68096K, reserved 1114112K
  class space    used 9590K, committed 9920K, reserved 1048576K
}
Event: 127.125 GC heap after
{Heap after GC invocations=24 (full 0):
 garbage-first heap   total 110592K, used 30925K [0x0000000602800000, 0x0000000800000000)
  region size 4096K, 1 young (4096K), 1 survivors (4096K)
 Metaspace       used 67262K, committed 68096K, reserved 1114112K
  class space    used 9590K, committed 9920K, reserved 1048576K
}
Event: 3558.736 GC heap before
{Heap before GC invocations=24 (full 0):
 garbage-first heap   total 110592K, used 88269K [0x0000000602800000, 0x0000000800000000)
  region size 4096K, 16 young (65536K), 1 survivors (4096K)
 Metaspace       used 67658K, committed 68544K, reserved 1114112K
  class space    used 9678K, committed 10048K, reserved 1048576K
}
Event: 3558.747 GC heap after
{Heap after GC invocations=25 (full 0):
 garbage-first heap   total 110592K, used 30906K [0x0000000602800000, 0x0000000800000000)
  region size 4096K, 2 young (8192K), 2 survivors (8192K)
 Metaspace       used 67658K, committed 68544K, reserved 1114112K
  class space    used 9678K, committed 10048K, reserved 1048576K
}
Event: 3592.660 GC heap before
{Heap before GC invocations=25 (full 0):
 garbage-first heap   total 110592K, used 84154K [0x0000000602800000, 0x0000000800000000)
  region size 4096K, 16 young (65536K), 2 survivors (8192K)
 Metaspace       used 67722K, committed 68544K, reserved 1114112K
  class space    used 9691K, committed 10048K, reserved 1048576K
}
Event: 3592.664 GC heap after
{Heap after GC invocations=26 (full 0):
 garbage-first heap   total 110592K, used 30655K [0x0000000602800000, 0x0000000800000000)
  region size 4096K, 1 young (4096K), 1 survivors (4096K)
 Metaspace       used 67722K, committed 68544K, reserved 1114112K
  class space    used 9691K, committed 10048K, reserved 1048576K
}
Event: 3790.970 GC heap before
{Heap before GC invocations=26 (full 0):
 garbage-first heap   total 110592K, used 87999K [0x0000000602800000, 0x0000000800000000)
  region size 4096K, 16 young (65536K), 1 survivors (4096K)
 Metaspace       used 67743K, committed 68608K, reserved 1114112K
  class space    used 9696K, committed 10048K, reserved 1048576K
}
Event: 3790.973 GC heap after
{Heap after GC invocations=27 (full 0):
 garbage-first heap   total 110592K, used 31033K [0x0000000602800000, 0x0000000800000000)
  region size 4096K, 2 young (8192K), 2 survivors (8192K)
 Metaspace       used 67743K, committed 68608K, reserved 1114112K
  class space    used 9696K, committed 10048K, reserved 1048576K
}
Event: 3853.704 GC heap before
{Heap before GC invocations=27 (full 0):
 garbage-first heap   total 110592K, used 59705K [0x0000000602800000, 0x0000000800000000)
  region size 4096K, 11 young (45056K), 2 survivors (8192K)
 Metaspace       used 68026K, committed 68864K, reserved 1114112K
  class space    used 9741K, committed 10112K, reserved 1048576K
}
Event: 3853.707 GC heap after
{Heap after GC invocations=28 (full 0):
 garbage-first heap   total 110592K, used 30807K [0x0000000602800000, 0x0000000800000000)
  region size 4096K, 2 young (8192K), 2 survivors (8192K)
 Metaspace       used 68026K, committed 68864K, reserved 1114112K
  class space    used 9741K, committed 10112K, reserved 1048576K
}
Event: 4205.569 GC heap before
{Heap before GC invocations=29 (full 0):
 garbage-first heap   total 110592K, used 84055K [0x0000000602800000, 0x0000000800000000)
  region size 4096K, 16 young (65536K), 2 survivors (8192K)
 Metaspace       used 67751K, committed 68864K, reserved 1114112K
  class space    used 9665K, committed 10112K, reserved 1048576K
}
Event: 4205.574 GC heap after
{Heap after GC invocations=30 (full 0):
 garbage-first heap   total 110592K, used 30844K [0x0000000602800000, 0x0000000800000000)
  region size 4096K, 2 young (8192K), 2 survivors (8192K)
 Metaspace       used 67751K, committed 68864K, reserved 1114112K
  class space    used 9665K, committed 10112K, reserved 1048576K
}
Event: 4326.174 GC heap before
{Heap before GC invocations=30 (full 0):
 garbage-first heap   total 110592K, used 84092K [0x0000000602800000, 0x0000000800000000)
  region size 4096K, 16 young (65536K), 2 survivors (8192K)
 Metaspace       used 67752K, committed 68864K, reserved 1114112K
  class space    used 9666K, committed 10112K, reserved 1048576K
}
Event: 4326.180 GC heap after
{Heap after GC invocations=31 (full 0):
 garbage-first heap   total 110592K, used 29915K [0x0000000602800000, 0x0000000800000000)
  region size 4096K, 2 young (8192K), 2 survivors (8192K)
 Metaspace       used 67752K, committed 68864K, reserved 1114112K
  class space    used 9666K, committed 10112K, reserved 1048576K
}
Event: 4576.053 GC heap before
{Heap before GC invocations=31 (full 0):
 garbage-first heap   total 110592K, used 83163K [0x0000000602800000, 0x0000000800000000)
  region size 4096K, 16 young (65536K), 2 survivors (8192K)
 Metaspace       used 67753K, committed 68864K, reserved 1114112K
  class space    used 9666K, committed 10112K, reserved 1048576K
}
Event: 4576.057 GC heap after
{Heap after GC invocations=32 (full 0):
 garbage-first heap   total 110592K, used 29821K [0x0000000602800000, 0x0000000800000000)
  region size 4096K, 2 young (8192K), 2 survivors (8192K)
 Metaspace       used 67753K, committed 68864K, reserved 1114112K
  class space    used 9666K, committed 10112K, reserved 1048576K
}
Event: 4625.824 GC heap before
{Heap before GC invocations=32 (full 0):
 garbage-first heap   total 110592K, used 83069K [0x0000000602800000, 0x0000000800000000)
  region size 4096K, 16 young (65536K), 2 survivors (8192K)
 Metaspace       used 67754K, committed 68864K, reserved 1114112K
  class space    used 9667K, committed 10112K, reserved 1048576K
}
Event: 4625.828 GC heap after
{Heap after GC invocations=33 (full 0):
 garbage-first heap   total 110592K, used 30014K [0x0000000602800000, 0x0000000800000000)
  region size 4096K, 2 young (8192K), 2 survivors (8192K)
 Metaspace       used 67754K, committed 68864K, reserved 1114112K
  class space    used 9667K, committed 10112K, reserved 1048576K
}
Event: 5059.317 GC heap before
{Heap before GC invocations=34 (full 0):
 garbage-first heap   total 110592K, used 83262K [0x0000000602800000, 0x0000000800000000)
  region size 4096K, 16 young (65536K), 2 survivors (8192K)
 Metaspace       used 67747K, committed 68864K, reserved 1114112K
  class space    used 9665K, committed 10112K, reserved 1048576K
}

